2024-11-10 16:06:16,781 CRIT Supervisor is running as root.  Privileges were not dropped because no user is specified in the config file.  If you intend to run as root, you can set user=root in the config file to avoid this message.
2024-11-10 16:06:16,795 INFO supervisord started with pid 1
2024-11-10 16:06:17,799 INFO spawned: 'cron' with pid 8
2024-11-10 16:06:17,817 INFO spawned: 'php-fpm' with pid 9
2024-11-10 16:06:19,656 INFO success: cron entered RUNNING state, process has stayed up for > than 1 seconds (startsecs)
2024-11-10 16:06:19,656 INFO success: php-fpm entered RUNNING state, process has stayed up for > than 1 seconds (startsecs)
2024-11-11 01:57:12,989 CRIT Supervisor is running as root.  Privileges were not dropped because no user is specified in the config file.  If you intend to run as root, you can set user=root in the config file to avoid this message.
2024-11-11 01:57:13,026 INFO supervisord started with pid 1
2024-11-11 01:57:14,030 INFO spawned: 'cron' with pid 7
2024-11-11 01:57:14,033 INFO spawned: 'php-fpm' with pid 8
2024-11-11 01:57:15,321 INFO success: cron entered RUNNING state, process has stayed up for > than 1 seconds (startsecs)
2024-11-11 01:57:15,321 INFO success: php-fpm entered RUNNING state, process has stayed up for > than 1 seconds (startsecs)
2024-11-14 11:39:35,799 CRIT Supervisor is running as root.  Privileges were not dropped because no user is specified in the config file.  If you intend to run as root, you can set user=root in the config file to avoid this message.
2024-11-14 11:39:35,808 INFO supervisord started with pid 1
2024-11-14 11:39:36,817 INFO spawned: 'cron' with pid 7
2024-11-14 11:39:36,841 INFO spawned: 'php-fpm' with pid 8
2024-11-14 11:39:38,160 INFO success: cron entered RUNNING state, process has stayed up for > than 1 seconds (startsecs)
2024-11-14 11:39:38,160 INFO success: php-fpm entered RUNNING state, process has stayed up for > than 1 seconds (startsecs)
2024-11-17 02:10:53,814 INFO reaped unknown pid 2348 (exit status 0)
2024-11-17 07:58:54,273 INFO reaped unknown pid 2621 (exit status 0)
2024-11-17 07:59:17,337 INFO reaped unknown pid 2629 (exit status 0)
2024-11-17 07:59:56,389 INFO reaped unknown pid 2635 (exit status 0)
2024-11-17 08:06:51,934 INFO reaped unknown pid 2655 (exit status 0)
2024-11-17 08:07:33,994 INFO reaped unknown pid 2663 (exit status 0)
2024-11-17 08:07:55,022 INFO reaped unknown pid 2669 (exit status 0)
2024-11-17 08:13:52,478 INFO reaped unknown pid 2687 (exit status 0)
2024-11-17 08:33:30,899 INFO reaped unknown pid 2715 (exit status 0)
2024-11-17 08:51:21,845 INFO reaped unknown pid 2757 (exit status 0)
2024-11-17 08:53:42,017 INFO reaped unknown pid 2767 (exit status 0)
2024-11-17 08:54:11,049 INFO reaped unknown pid 2775 (exit status 0)
2024-11-17 09:10:35,275 INFO reaped unknown pid 2813 (exit status 0)
2024-11-17 09:24:05,334 INFO reaped unknown pid 2860 (exit status 0)
2024-11-17 09:24:56,406 INFO reaped unknown pid 2866 (exit status 0)
2024-11-17 09:25:58,493 INFO reaped unknown pid 2874 (exit status 0)
2024-11-17 09:28:21,676 INFO reaped unknown pid 2886 (exit status 0)
2024-11-17 11:41:07,149 INFO reaped unknown pid 3000 (exit status 0)
2024-11-17 11:49:34,856 INFO reaped unknown pid 3051 (exit status 0)
2024-11-17 11:54:11,211 INFO reaped unknown pid 3081 (exit status 0)
2024-11-17 11:55:30,314 INFO reaped unknown pid 3089 (exit status 0)
2024-11-17 11:58:30,546 INFO reaped unknown pid 3105 (exit status 0)
2024-11-17 12:10:28,483 INFO reaped unknown pid 3135 (exit status 0)
2024-11-17 12:11:02,541 INFO reaped unknown pid 3143 (exit status 0)
2024-11-17 12:21:34,376 INFO reaped unknown pid 3172 (exit status 0)
2024-11-17 12:40:58,866 INFO reaped unknown pid 3227 (exit status 0)
2024-11-17 12:54:58,947 INFO reaped unknown pid 3271 (exit status 0)
2024-11-17 13:01:33,199 INFO reaped unknown pid 3291 (exit status 0)
2024-11-17 15:01:52,578 INFO reaped unknown pid 3327 (exit status 0)
2024-11-17 15:06:23,941 INFO reaped unknown pid 3351 (exit status 0)
2024-11-17 15:13:34,521 INFO reaped unknown pid 3381 (exit status 0)
2024-11-17 15:14:50,632 INFO reaped unknown pid 3389 (exit status 0)
2024-11-17 15:15:21,674 INFO reaped unknown pid 3397 (exit status 0)
2024-11-17 15:23:59,366 INFO reaped unknown pid 3422 (exit status 0)
2024-11-17 15:25:41,502 INFO reaped unknown pid 3440 (exit status 0)
2024-11-17 15:26:04,538 INFO reaped unknown pid 3460 (exit status 0)
2024-11-17 15:38:24,465 INFO reaped unknown pid 3490 (exit status 0)
2024-11-17 15:38:47,497 INFO reaped unknown pid 3504 (exit status 0)
2024-11-17 15:39:26,549 INFO reaped unknown pid 3524 (exit status 0)
2024-11-17 15:47:11,141 INFO reaped unknown pid 3550 (exit status 0)
2024-11-17 15:49:16,307 INFO reaped unknown pid 3560 (exit status 0)
2024-11-17 15:50:04,375 INFO reaped unknown pid 3568 (exit status 0)
2024-11-17 15:52:57,599 INFO reaped unknown pid 3578 (exit status 0)
2024-11-17 15:54:35,727 INFO reaped unknown pid 3588 (exit status 0)
2024-11-17 15:55:19,785 INFO reaped unknown pid 3600 (exit status 0)
2024-11-17 16:04:31,554 INFO reaped unknown pid 3632 (exit status 0)
2024-11-17 16:08:05,856 INFO reaped unknown pid 3650 (exit status 0)
2024-11-17 16:13:13,273 INFO reaped unknown pid 3666 (exit status 0)
2024-11-17 16:14:33,384 INFO reaped unknown pid 3674 (exit status 0)
2024-11-17 16:15:26,452 INFO reaped unknown pid 3698 (exit status 0)
2024-11-17 16:15:38,465 INFO reaped unknown pid 3708 (exit status 0)
2024-11-17 16:18:34,704 INFO reaped unknown pid 3731 (exit status 0)
2024-11-17 16:20:06,824 INFO reaped unknown pid 3757 (exit status 0)
2024-11-17 16:25:16,226 INFO reaped unknown pid 3773 (exit status 0)
2024-11-17 16:25:31,247 INFO reaped unknown pid 3787 (exit status 0)
2024-11-17 16:25:39,256 INFO reaped unknown pid 3797 (exit status 0)
2024-11-17 16:26:06,293 INFO reaped unknown pid 3805 (exit status 0)
2024-11-17 16:27:32,422 INFO reaped unknown pid 3813 (exit status 0)
2024-11-18 00:49:08,413 INFO reaped unknown pid 3851 (exit status 0)
2024-11-18 01:04:01,280 INFO reaped unknown pid 3885 (exit status 0)
2024-11-18 01:04:44,346 INFO reaped unknown pid 3893 (exit status 0)
2024-11-18 01:05:39,412 INFO reaped unknown pid 3901 (exit status 0)
2024-11-18 01:06:14,460 INFO reaped unknown pid 3909 (exit status 0)
2024-11-18 01:17:46,723 INFO reaped unknown pid 3940 (exit status 0)
2024-11-18 01:18:04,756 INFO reaped unknown pid 3948 (exit status 0)
2024-11-18 01:19:00,827 INFO reaped unknown pid 3954 (exit status 0)
2024-11-18 02:39:29,532 INFO reaped unknown pid 3984 (exit status 0)
2024-11-18 02:44:00,897 INFO reaped unknown pid 3998 (exit status 0)
2024-11-18 02:50:43,413 INFO reaped unknown pid 4018 (exit status 0)
2024-11-18 02:51:00,439 INFO reaped unknown pid 4024 (exit status 0)
2024-11-18 02:56:14,847 INFO reaped unknown pid 4042 (exit status 0)
2024-11-18 03:02:29,321 INFO reaped unknown pid 4060 (exit status 0)
2024-11-18 03:03:03,367 INFO reaped unknown pid 4068 (exit status 0)
2024-11-18 03:32:44,703 INFO reaped unknown pid 4139 (exit status 0)
2024-11-18 03:43:56,572 INFO reaped unknown pid 4167 (exit status 0)
2024-11-18 03:50:35,095 INFO reaped unknown pid 4197 (exit status 0)
2024-11-18 03:52:24,243 INFO reaped unknown pid 4207 (exit status 0)
2024-11-18 04:04:00,147 INFO reaped unknown pid 4243 (exit status 0)
2024-11-18 04:04:06,165 INFO reaped unknown pid 4255 (exit status 0)
2024-11-18 04:09:26,560 INFO reaped unknown pid 4289 (exit status 0)
2024-11-18 04:16:20,084 INFO reaped unknown pid 4309 (exit status 0)
2024-11-18 04:28:08,027 INFO reaped unknown pid 4342 (exit status 0)
2024-11-18 04:34:58,564 INFO reaped unknown pid 4360 (exit status 0)
2024-11-18 04:42:27,132 INFO reaped unknown pid 4382 (exit status 0)
2024-11-18 04:48:33,595 INFO reaped unknown pid 4400 (exit status 0)
2024-11-18 04:50:00,699 INFO reaped unknown pid 4408 (exit status 0)
2024-11-18 04:52:57,911 INFO reaped unknown pid 4420 (exit status 0)
2024-11-18 05:00:13,142 INFO reaped unknown pid 4442 (exit status 0)
2024-11-18 11:21:17,974 INFO reaped unknown pid 4552 (exit status 0)
2024-11-18 11:29:20,217 INFO reaped unknown pid 4574 (exit status 0)
2024-11-18 11:31:14,365 INFO reaped unknown pid 4584 (exit status 0)
2024-11-18 11:38:43,948 INFO reaped unknown pid 4604 (exit status 0)
2024-11-18 11:40:07,064 INFO reaped unknown pid 4614 (exit status 0)
2024-11-18 11:47:24,643 INFO reaped unknown pid 4634 (exit status 0)
2024-11-18 11:48:11,711 INFO reaped unknown pid 4642 (exit status 0)
2024-11-18 12:19:01,105 INFO reaped unknown pid 4711 (exit status 0)
2024-11-18 14:30:19,330 INFO reaped unknown pid 4743 (exit status 0)
2024-11-18 14:39:38,073 INFO reaped unknown pid 4767 (exit status 0)
2024-11-18 14:41:02,182 INFO reaped unknown pid 4775 (exit status 0)
2024-11-18 14:56:32,343 INFO reaped unknown pid 4823 (exit status 0)
2024-11-18 14:57:59,453 INFO reaped unknown pid 4831 (exit status 0)
2024-11-18 15:04:07,899 INFO reaped unknown pid 4851 (exit status 0)
2024-11-18 15:04:52,957 INFO reaped unknown pid 4857 (exit status 0)
2024-11-18 15:08:34,218 INFO reaped unknown pid 4871 (exit status 0)
2024-11-18 15:09:13,269 INFO reaped unknown pid 4879 (exit status 0)
2024-11-18 15:15:13,720 INFO reaped unknown pid 4897 (exit status 0)
2024-11-18 15:25:28,494 INFO reaped unknown pid 4926 (exit status 0)
2024-11-18 15:35:27,263 INFO reaped unknown pid 4952 (exit status 0)
2024-11-18 15:36:47,370 INFO reaped unknown pid 4960 (exit status 0)
2024-11-18 15:40:19,645 INFO reaped unknown pid 4974 (exit status 0)
2024-11-18 15:46:25,479 INFO reaped unknown pid 4992 (exit status 0)
2024-11-18 15:47:09,532 INFO reaped unknown pid 5000 (exit status 0)
2024-11-18 15:55:42,219 INFO reaped unknown pid 5022 (exit status 0)
2024-11-18 16:03:55,923 INFO reaped unknown pid 5044 (exit status 0)
2024-11-18 16:03:59,945 INFO reaped unknown pid 5050 (exit status 0)
2024-11-18 23:17:18,522 INFO reaped unknown pid 5065 (exit status 0)
2024-11-19 00:49:09,889 INFO reaped unknown pid 5211 (exit status 0)
2024-11-19 00:49:18,934 INFO reaped unknown pid 5217 (exit status 0)
2024-11-19 00:50:54,055 INFO reaped unknown pid 5225 (exit status 0)
2024-11-19 00:51:25,158 INFO reaped unknown pid 5233 (exit status 0)
2024-11-19 00:54:30,395 INFO reaped unknown pid 5245 (exit status 0)
2024-11-19 01:57:33,652 INFO reaped unknown pid 5273 (exit status 0)
2024-11-19 02:02:45,107 INFO reaped unknown pid 5289 (exit status 0)
2024-11-19 02:05:37,308 INFO reaped unknown pid 5301 (exit status 0)
2024-11-19 02:06:29,369 INFO reaped unknown pid 5309 (exit status 0)
2024-11-19 02:17:11,697 INFO reaped unknown pid 5340 (exit status 0)
2024-11-19 02:17:49,755 INFO reaped unknown pid 5346 (exit status 0)
2024-11-19 02:19:26,158 INFO reaped unknown pid 5356 (exit status 0)
2024-11-19 02:22:24,379 INFO reaped unknown pid 5368 (exit status 0)
2024-11-19 02:30:03,966 INFO reaped unknown pid 5390 (exit status 0)
2024-11-19 02:36:57,517 INFO reaped unknown pid 5412 (exit status 0)
2024-11-19 02:43:33,101 INFO reaped unknown pid 5438 (exit status 0)
2024-11-19 02:44:56,149 INFO reaped unknown pid 5446 (exit status 0)
2024-11-19 02:47:16,320 INFO reaped unknown pid 5458 (exit status 0)
2024-11-19 02:47:56,372 INFO reaped unknown pid 5464 (exit status 0)
2024-11-19 02:50:00,526 INFO reaped unknown pid 5474 (exit status 0)
2024-11-19 02:50:13,544 INFO reaped unknown pid 5482 (exit status 0)
2024-11-19 02:50:22,554 INFO reaped unknown pid 5488 (exit status 0)
2024-11-19 02:50:29,559 INFO reaped unknown pid 5494 (exit status 0)
2024-11-19 02:50:38,572 INFO reaped unknown pid 5500 (exit status 0)
2024-11-19 02:50:51,590 INFO reaped unknown pid 5506 (exit status 0)
2024-11-19 02:51:10,619 INFO reaped unknown pid 5514 (exit status 0)
2024-11-19 02:51:14,626 INFO reaped unknown pid 5520 (exit status 0)
2024-11-19 02:51:28,641 INFO reaped unknown pid 5526 (exit status 0)
2024-11-19 02:52:02,683 INFO reaped unknown pid 5534 (exit status 0)
2024-11-19 02:52:17,707 INFO reaped unknown pid 5540 (exit status 0)
2024-11-19 02:54:23,866 INFO reaped unknown pid 5550 (exit status 0)
2024-11-19 02:56:57,066 INFO reaped unknown pid 5560 (exit status 0)
2024-11-19 02:59:57,331 INFO reaped unknown pid 5572 (exit status 0)
2024-11-19 03:02:54,565 INFO reaped unknown pid 5584 (exit status 0)
2024-11-19 03:07:22,905 INFO reaped unknown pid 5600 (exit status 0)
2024-11-19 03:29:14,980 INFO reaped unknown pid 5663 (exit status 0)
2024-11-19 03:29:24,011 INFO reaped unknown pid 5669 (exit status 0)
2024-11-19 03:55:12,300 INFO reaped unknown pid 5741 (exit status 0)
2024-11-19 04:01:39,812 INFO reaped unknown pid 5767 (exit status 0)
2024-11-19 04:18:47,989 WARN received SIGQUIT indicating exit request
2024-11-19 04:18:48,097 INFO waiting for cron, php-fpm to die
2024-11-19 04:18:48,306 INFO stopped: php-fpm (exit status 0)
2024-11-19 04:18:48,330 WARN stopped: cron (terminated by SIGTERM)
2024-11-19 04:19:03,393 CRIT Supervisor is running as root.  Privileges were not dropped because no user is specified in the config file.  If you intend to run as root, you can set user=root in the config file to avoid this message.
2024-11-19 04:19:03,415 INFO supervisord started with pid 1
2024-11-19 04:19:04,424 INFO spawned: 'cron' with pid 7
2024-11-19 04:19:04,448 INFO spawned: 'php-fpm' with pid 8
2024-11-19 04:19:05,720 INFO success: cron entered RUNNING state, process has stayed up for > than 1 seconds (startsecs)
2024-11-19 04:19:05,720 INFO success: php-fpm entered RUNNING state, process has stayed up for > than 1 seconds (startsecs)
2024-11-19 05:38:44,304 INFO reaped unknown pid 104 (exit status 0)
2024-11-19 05:38:56,357 INFO reaped unknown pid 110 (exit status 0)
2024-11-19 05:39:00,363 INFO reaped unknown pid 116 (exit status 0)
2024-11-19 05:39:39,414 INFO reaped unknown pid 124 (exit status 0)
2024-11-19 05:45:10,905 INFO reaped unknown pid 142 (exit status 0)
2024-11-19 05:47:25,125 INFO reaped unknown pid 152 (exit status 0)
2024-11-19 06:02:37,187 INFO reaped unknown pid 166 (exit status 0)
2024-11-19 06:02:52,212 INFO reaped unknown pid 172 (exit status 0)
2024-11-19 06:03:52,297 INFO reaped unknown pid 180 (exit status 0)
2024-11-19 06:08:04,621 INFO reaped unknown pid 196 (exit status 0)
2024-11-19 06:17:55,591 INFO reaped unknown pid 223 (exit status 0)
2024-11-19 06:18:38,661 INFO reaped unknown pid 231 (exit status 0)
2024-11-19 06:18:57,686 INFO reaped unknown pid 237 (exit status 0)
2024-11-19 06:20:00,766 INFO reaped unknown pid 245 (exit status 0)
2024-11-19 06:21:59,925 INFO reaped unknown pid 255 (exit status 0)
2024-11-19 06:25:12,185 INFO reaped unknown pid 280 (exit status 0)
2024-11-19 06:29:55,548 INFO reaped unknown pid 350 (exit status 0)
2024-11-19 06:33:24,822 INFO reaped unknown pid 364 (exit status 0)
2024-11-19 06:36:41,079 INFO reaped unknown pid 376 (exit status 0)
2024-11-19 06:45:34,919 INFO reaped unknown pid 400 (exit status 0)
2024-11-19 06:49:10,263 INFO reaped unknown pid 414 (exit status 0)
2024-11-19 06:52:00,479 INFO reaped unknown pid 424 (exit status 0)
2024-11-19 07:00:23,134 INFO reaped unknown pid 448 (exit status 0)
2024-11-19 07:02:12,280 INFO reaped unknown pid 458 (exit status 0)
2024-11-19 07:03:29,385 INFO reaped unknown pid 466 (exit status 0)
2024-11-19 07:03:48,424 INFO reaped unknown pid 472 (exit status 0)
2024-11-19 07:03:56,435 INFO reaped unknown pid 478 (exit status 0)
2024-11-19 07:52:07,844 INFO reaped unknown pid 496 (exit status 0)
2024-11-19 08:07:56,502 INFO reaped unknown pid 542 (exit status 0)
2024-11-19 08:14:50,119 INFO reaped unknown pid 562 (exit status 0)
2024-11-19 08:31:07,410 INFO reaped unknown pid 605 (exit status 0)
2024-11-19 08:39:19,061 INFO reaped unknown pid 627 (exit status 0)
2024-11-19 08:46:10,596 INFO reaped unknown pid 647 (exit status 0)
2024-11-19 08:54:31,309 INFO reaped unknown pid 669 (exit status 0)
2024-11-19 10:35:13,767 INFO reaped unknown pid 724 (exit status 0)
2024-11-19 10:36:30,903 INFO reaped unknown pid 732 (exit status 0)
2024-11-19 11:12:34,329 INFO reaped unknown pid 810 (exit status 0)
2024-11-19 11:12:38,367 INFO reaped unknown pid 816 (exit status 0)
2024-11-19 12:17:52,758 INFO reaped unknown pid 974 (exit status 0)
2024-11-19 12:22:07,110 INFO reaped unknown pid 990 (exit status 0)
2024-11-19 12:34:09,026 INFO reaped unknown pid 1020 (exit status 0)
2024-11-19 12:41:51,646 INFO reaped unknown pid 1040 (exit status 0)
2024-11-19 12:45:03,919 INFO reaped unknown pid 1054 (exit status 0)
2024-11-19 12:51:48,446 INFO reaped unknown pid 1072 (exit status 0)
2024-11-19 12:57:50,916 INFO reaped unknown pid 1090 (exit status 0)
2024-11-19 12:58:40,981 INFO reaped unknown pid 1098 (exit status 0)
2024-11-19 13:00:35,130 INFO reaped unknown pid 1108 (exit status 0)
2024-11-19 13:01:13,176 INFO reaped unknown pid 1116 (exit status 0)
2024-11-19 13:01:32,201 INFO reaped unknown pid 1122 (exit status 0)
2024-11-19 13:05:58,522 INFO reaped unknown pid 1136 (exit status 0)
2024-11-19 13:08:03,465 INFO reaped unknown pid 1148 (exit status 0)
2024-11-19 13:11:45,738 INFO reaped unknown pid 1160 (exit status 0)
2024-11-19 13:20:31,435 INFO reaped unknown pid 1187 (exit status 0)
2024-11-19 13:22:15,587 INFO reaped unknown pid 1197 (exit status 0)
2024-11-19 13:23:13,658 INFO reaped unknown pid 1205 (exit status 0)
2024-11-19 13:30:04,237 INFO reaped unknown pid 1225 (exit status 0)
2024-11-19 13:30:25,277 INFO reaped unknown pid 1231 (exit status 0)
2024-11-19 13:30:54,314 INFO reaped unknown pid 1237 (exit status 0)
2024-11-19 13:32:59,472 INFO reaped unknown pid 1247 (exit status 0)
2024-11-19 13:44:12,340 INFO reaped unknown pid 1277 (exit status 0)
2024-11-19 13:48:46,702 INFO reaped unknown pid 1291 (exit status 0)
2024-11-19 13:49:26,757 INFO reaped unknown pid 1299 (exit status 0)
2024-11-19 13:55:08,196 INFO reaped unknown pid 1317 (exit status 0)
2024-11-19 14:34:17,870 INFO reaped unknown pid 1335 (exit status 0)
2024-11-19 14:35:29,977 INFO reaped unknown pid 1343 (exit status 0)
2024-11-19 14:38:41,222 INFO reaped unknown pid 1355 (exit status 0)
2024-11-19 14:38:59,242 INFO reaped unknown pid 1361 (exit status 0)
2024-11-19 14:40:52,396 INFO reaped unknown pid 1371 (exit status 0)
2024-11-19 14:50:04,292 INFO reaped unknown pid 1397 (exit status 0)
2024-11-19 14:50:09,310 INFO reaped unknown pid 1403 (exit status 0)
2024-11-19 15:11:41,002 INFO reaped unknown pid 1461 (exit status 0)
2024-11-19 15:12:46,114 INFO reaped unknown pid 1469 (exit status 0)
2024-11-19 15:13:19,165 INFO reaped unknown pid 1477 (exit status 0)
2024-11-19 15:22:16,378 INFO reaped unknown pid 1504 (exit status 0)
2024-11-19 15:24:08,533 INFO reaped unknown pid 1514 (exit status 0)
2024-11-19 15:29:34,939 INFO reaped unknown pid 1530 (exit status 0)
2024-11-19 15:52:34,318 INFO reaped unknown pid 1592 (exit status 0)
2024-11-19 15:54:01,438 INFO reaped unknown pid 1600 (exit status 0)
2024-11-19 16:01:30,001 INFO reaped unknown pid 1622 (exit status 0)
2024-11-19 16:02:13,077 INFO reaped unknown pid 1630 (exit status 0)
2024-11-19 16:05:37,324 INFO reaped unknown pid 1642 (exit status 0)
2024-11-19 16:14:48,008 INFO reaped unknown pid 1666 (exit status 0)
2024-11-19 16:15:38,077 INFO reaped unknown pid 1674 (exit status 0)
2024-11-19 16:16:10,119 INFO reaped unknown pid 1682 (exit status 0)
2024-11-19 16:18:45,309 INFO reaped unknown pid 1695 (exit status 0)
2024-11-19 16:19:55,399 INFO reaped unknown pid 1703 (exit status 0)
2024-11-19 16:29:55,182 INFO reaped unknown pid 1729 (exit status 0)
2024-11-19 16:42:32,147 INFO reaped unknown pid 1771 (exit status 0)
2024-11-19 16:46:08,420 INFO reaped unknown pid 1785 (exit status 0)
2024-11-19 16:53:41,996 INFO reaped unknown pid 1805 (exit status 0)
2024-11-19 17:03:57,775 INFO reaped unknown pid 1831 (exit status 0)
2024-11-19 17:12:06,470 INFO reaped unknown pid 1855 (exit status 0)
2024-11-19 17:12:41,519 INFO reaped unknown pid 1861 (exit status 0)
2024-11-20 00:13:21,216 INFO reaped unknown pid 1906 (exit status 0)
2024-11-20 00:13:45,274 INFO reaped unknown pid 1912 (exit status 0)
2024-11-20 00:15:57,448 INFO reaped unknown pid 1922 (exit status 0)
2024-11-20 00:17:44,583 INFO reaped unknown pid 1935 (exit status 0)
2024-11-20 00:18:52,679 INFO reaped unknown pid 1943 (exit status 0)
2024-11-20 00:25:59,237 INFO reaped unknown pid 1963 (exit status 0)
2024-11-20 00:30:21,601 INFO reaped unknown pid 1979 (exit status 0)
2024-11-20 00:39:56,382 INFO reaped unknown pid 2003 (exit status 0)
2024-11-20 00:41:37,510 INFO reaped unknown pid 2021 (exit status 0)
2024-11-20 00:48:10,034 INFO reaped unknown pid 2041 (exit status 0)
2024-11-20 00:50:45,250 INFO reaped unknown pid 2051 (exit status 0)
2024-11-20 00:52:59,403 INFO reaped unknown pid 2061 (exit status 0)
2024-11-20 00:57:43,733 INFO reaped unknown pid 2077 (exit status 0)
2024-11-20 00:59:31,868 INFO reaped unknown pid 2087 (exit status 0)
2024-11-20 01:00:35,981 INFO reaped unknown pid 2095 (exit status 0)
2024-11-20 01:01:56,086 INFO reaped unknown pid 2103 (exit status 0)
2024-11-20 01:04:29,286 INFO reaped unknown pid 2115 (exit status 0)
2024-11-20 01:08:27,590 INFO reaped unknown pid 2129 (exit status 0)
2024-11-20 01:16:40,241 INFO reaped unknown pid 2151 (exit status 0)
2024-11-20 01:17:21,300 INFO reaped unknown pid 2162 (exit status 0)
2024-11-20 02:46:18,865 INFO reaped unknown pid 2174 (exit status 0)
2024-11-20 02:59:20,916 INFO reaped unknown pid 2206 (exit status 0)
2024-11-20 03:00:26,020 INFO reaped unknown pid 2214 (exit status 0)
2024-11-20 03:11:53,895 INFO reaped unknown pid 2246 (exit status 0)
2024-11-20 03:12:44,979 INFO reaped unknown pid 2254 (exit status 0)
2024-11-20 03:13:06,010 INFO reaped unknown pid 2262 (exit status 0)
2024-11-20 04:48:39,212 INFO reaped unknown pid 2322 (exit status 0)
2024-11-20 04:57:52,980 INFO reaped unknown pid 2346 (exit status 0)
2024-11-20 05:02:51,397 INFO reaped unknown pid 2362 (exit status 0)
2024-11-20 05:12:36,164 INFO reaped unknown pid 2388 (exit status 0)
2024-11-20 05:12:53,194 INFO reaped unknown pid 2394 (exit status 0)
2024-11-20 05:18:19,618 INFO reaped unknown pid 2421 (exit status 0)
2024-11-20 05:20:25,799 INFO reaped unknown pid 2431 (exit status 0)
2024-11-20 05:22:59,005 INFO reaped unknown pid 2441 (exit status 0)
2024-11-20 05:27:43,983 INFO reaped unknown pid 2457 (exit status 0)
2024-11-20 05:29:15,394 INFO reaped unknown pid 2467 (exit status 0)
2024-11-20 05:32:11,621 INFO reaped unknown pid 2479 (exit status 0)
2024-11-20 05:41:09,309 INFO reaped unknown pid 2503 (exit status 0)
2024-11-20 05:49:29,942 INFO reaped unknown pid 2525 (exit status 0)
2024-11-20 05:51:54,119 INFO reaped unknown pid 2535 (exit status 0)
2024-11-20 05:52:26,161 INFO reaped unknown pid 2543 (exit status 0)
2024-11-20 06:05:22,148 INFO reaped unknown pid 2575 (exit status 0)
2024-11-20 06:15:48,963 INFO reaped unknown pid 2601 (exit status 0)
2024-11-20 06:17:16,091 INFO reaped unknown pid 2614 (exit status 0)
2024-11-20 06:24:15,609 INFO reaped unknown pid 2634 (exit status 0)
2024-11-20 06:34:13,391 INFO reaped unknown pid 2671 (exit status 0)
2024-11-20 06:42:49,058 INFO reaped unknown pid 2693 (exit status 0)
2024-11-20 06:44:00,149 INFO reaped unknown pid 2757 (exit status 0)
2024-11-20 06:44:22,176 INFO reaped unknown pid 2765 (exit status 0)
2024-11-20 07:22:16,746 INFO reaped unknown pid 2913 (exit status 0)
2024-11-20 14:54:55,140 INFO reaped unknown pid 3645 (exit status 0)
2024-11-21 04:02:32,962 INFO reaped unknown pid 4127 (exit status 0)
2024-11-21 10:56:58,707 INFO reaped unknown pid 4641 (exit status 0)
2024-11-21 12:16:57,831 INFO reaped unknown pid 4848 (exit status 0)
2024-11-22 00:22:16,170 CRIT Supervisor is running as root.  Privileges were not dropped because no user is specified in the config file.  If you intend to run as root, you can set user=root in the config file to avoid this message.
2024-11-22 00:22:16,209 INFO supervisord started with pid 1
2024-11-22 00:22:17,218 INFO spawned: 'cron' with pid 7
2024-11-22 00:22:17,229 INFO spawned: 'php-fpm' with pid 8
2024-11-22 00:22:18,882 INFO success: cron entered RUNNING state, process has stayed up for > than 1 seconds (startsecs)
2024-11-22 00:22:18,882 INFO success: php-fpm entered RUNNING state, process has stayed up for > than 1 seconds (startsecs)
2024-11-23 10:43:35,650 INFO reaped unknown pid 1165 (exit status 0)
2024-11-24 08:54:43,718 CRIT Supervisor is running as root.  Privileges were not dropped because no user is specified in the config file.  If you intend to run as root, you can set user=root in the config file to avoid this message.
2024-11-24 08:54:43,730 INFO supervisord started with pid 1
2024-11-24 08:54:44,735 INFO spawned: 'cron' with pid 7
2024-11-24 08:54:44,746 INFO spawned: 'php-fpm' with pid 8
2024-11-24 08:54:45,752 INFO success: cron entered RUNNING state, process has stayed up for > than 1 seconds (startsecs)
2024-11-24 08:54:45,752 INFO success: php-fpm entered RUNNING state, process has stayed up for > than 1 seconds (startsecs)
2024-11-28 11:15:34,702 CRIT Supervisor is running as root.  Privileges were not dropped because no user is specified in the config file.  If you intend to run as root, you can set user=root in the config file to avoid this message.
2024-11-28 11:15:34,737 INFO supervisord started with pid 1
2024-11-28 11:15:35,793 INFO spawned: 'cron' with pid 8
2024-11-28 11:15:35,856 INFO spawned: 'php-fpm' with pid 9
2024-11-28 11:15:37,465 INFO success: cron entered RUNNING state, process has stayed up for > than 1 seconds (startsecs)
2024-11-28 11:15:37,465 INFO success: php-fpm entered RUNNING state, process has stayed up for > than 1 seconds (startsecs)
2024-11-28 12:46:36,809 INFO reaped unknown pid 211 (exit status 0)
2024-11-28 12:47:23,908 INFO reaped unknown pid 219 (exit status 0)
2024-11-28 15:28:16,166 INFO reaped unknown pid 378 (exit status 0)
2024-11-28 23:59:33,558 INFO reaped unknown pid 408 (exit status 0)
2024-11-29 08:11:48,001 INFO reaped unknown pid 482 (exit status 0)
2024-11-29 11:50:20,950 INFO reaped unknown pid 920 (exit status 0)
2024-11-29 12:42:57,708 INFO reaped unknown pid 1061 (exit status 0)
2024-11-29 12:58:50,888 INFO reaped unknown pid 1099 (exit status 0)
2024-11-29 12:59:58,980 INFO reaped unknown pid 1107 (exit status 0)
2024-11-29 13:00:10,000 INFO reaped unknown pid 1115 (exit status 0)
2024-11-29 13:15:28,145 WARN received SIGQUIT indicating exit request
2024-11-29 13:15:28,188 INFO waiting for cron, php-fpm to die
2024-11-29 13:15:28,429 INFO stopped: php-fpm (exit status 0)
2024-11-29 13:15:28,443 WARN stopped: cron (terminated by SIGTERM)
2024-11-29 13:16:10,263 CRIT Supervisor is running as root.  Privileges were not dropped because no user is specified in the config file.  If you intend to run as root, you can set user=root in the config file to avoid this message.
2024-11-29 13:16:10,279 INFO supervisord started with pid 1
2024-11-29 13:16:11,282 INFO spawned: 'cron' with pid 7
2024-11-29 13:16:11,334 INFO spawned: 'php-fpm' with pid 8
2024-11-29 13:16:12,335 INFO success: cron entered RUNNING state, process has stayed up for > than 1 seconds (startsecs)
2024-11-29 13:16:12,336 INFO success: php-fpm entered RUNNING state, process has stayed up for > than 1 seconds (startsecs)
2024-11-29 13:24:46,023 WARN received SIGQUIT indicating exit request
2024-11-29 13:24:46,044 INFO waiting for cron, php-fpm to die
2024-11-29 13:24:46,238 INFO stopped: php-fpm (exit status 0)
2024-11-29 13:24:46,253 WARN stopped: cron (terminated by SIGTERM)
2024-11-29 13:28:05,585 CRIT Supervisor is running as root.  Privileges were not dropped because no user is specified in the config file.  If you intend to run as root, you can set user=root in the config file to avoid this message.
2024-11-29 13:28:05,609 INFO supervisord started with pid 1
2024-11-29 13:28:06,639 INFO spawned: 'cron' with pid 7
2024-11-29 13:28:06,657 INFO spawned: 'php-fpm' with pid 8
2024-11-29 13:28:08,419 INFO success: cron entered RUNNING state, process has stayed up for > than 1 seconds (startsecs)
2024-11-29 13:28:08,420 INFO success: php-fpm entered RUNNING state, process has stayed up for > than 1 seconds (startsecs)
2024-11-29 13:46:10,826 INFO reaped unknown pid 57 (exit status 0)
